<?xml version="1.0" encoding="UTF-8"?>
<!-- Generated by org.testng.reporters.JUnitReportReporter -->
<testsuite hostname="Sasikumar" failures="0" tests="2" name="cucumberOptions.OneTestNGTester" time="13.083" errors="1" timestamp="2023-11-30T12:51:51 IST" skipped="0">
  <testcase classname="cucumberOptions.OneTestNGTester" name="runScenario" time="6.284"/>
  <testcase classname="cucumberOptions.OneTestNGTester" name="runScenario" time="6.799">
    <error message="Cannot invoke &quot;org.openqa.selenium.SearchContext.findElement(org.openqa.selenium.By)&quot; because &quot;this.searchContext&quot; is null" type="java.lang.NullPointerException">
      <![CDATA[java.lang.NullPointerException: Cannot invoke "org.openqa.selenium.SearchContext.findElement(org.openqa.selenium.By)" because "this.searchContext" is null
at org.openqa.selenium.support.pagefactory.DefaultElementLocator.findElement(DefaultElementLocator.java:68)
at org.openqa.selenium.support.pagefactory.internal.LocatingElementHandler.invoke(LocatingElementHandler.java:38)
at jdk.proxy2/jdk.proxy2.$Proxy20.isDisplayed(Unknown Source)
at org.cucumber.pages.HomePage.logoDisplayedOrNot(HomePage.java:33)
at stepDefinitions.ExerciseOne.whether_the_website_logo_image_is_displayed(ExerciseOne.java:28)
at âœ½.whether the website logo image is displayed(file:///C:/Users/kakar/eclipse-workspace/TutorialsNinja/CucumberProject/src/test/java/features/ExerciseOne.feature:4)
]]>
    </error>
  </testcase> <!-- runScenario -->
</testsuite> <!-- cucumberOptions.OneTestNGTester -->
